0 info it worked if it ends with ok
1 verbose cli [ '/usr/bin/nodejs',
1 verbose cli   '/usr/bin/npm',
1 verbose cli   'install',
1 verbose cli   '-g',
1 verbose cli   'javascripting' ]
2 info using npm@1.3.10
3 info using node@v0.10.25
4 verbose cache add [ 'javascripting', null ]
5 verbose cache add name=undefined spec="javascripting" args=["javascripting",null]
6 verbose parsed url { protocol: null,
6 verbose parsed url   slashes: null,
6 verbose parsed url   auth: null,
6 verbose parsed url   host: null,
6 verbose parsed url   port: null,
6 verbose parsed url   hostname: null,
6 verbose parsed url   hash: null,
6 verbose parsed url   search: null,
6 verbose parsed url   query: null,
6 verbose parsed url   pathname: 'javascripting',
6 verbose parsed url   path: 'javascripting',
6 verbose parsed url   href: 'javascripting' }
7 silly lockFile ae6d31f2-javascripting javascripting
8 verbose lock javascripting /home/moad/.npm/ae6d31f2-javascripting.lock
9 silly lockFile ae6d31f2-javascripting javascripting
10 silly lockFile ae6d31f2-javascripting javascripting
11 verbose addNamed [ 'javascripting', '' ]
12 verbose addNamed [ null, '*' ]
13 silly lockFile 9ef866d8-javascripting javascripting@
14 verbose lock javascripting@ /home/moad/.npm/9ef866d8-javascripting.lock
15 silly addNameRange { name: 'javascripting', range: '*', hasData: false }
16 verbose url raw javascripting
17 verbose url resolving [ 'https://registry.npmjs.org/', './javascripting' ]
18 verbose url resolved https://registry.npmjs.org/javascripting
19 info trying registry request attempt 1 at 15:43:46
20 http GET https://registry.npmjs.org/javascripting
21 http 200 https://registry.npmjs.org/javascripting
22 silly registry.get cb [ 200,
22 silly registry.get   { server: 'CouchDB/1.5.0 (Erlang OTP/R16B03)',
22 silly registry.get     etag: '"2GP2VBCG3YDEOWW48L0922SV5"',
22 silly registry.get     'content-type': 'application/json',
22 silly registry.get     'cache-control': 'max-age=300',
22 silly registry.get     'content-length': '35269',
22 silly registry.get     'accept-ranges': 'bytes',
22 silly registry.get     date: 'Thu, 21 Jan 2016 23:43:47 GMT',
22 silly registry.get     via: '1.1 varnish',
22 silly registry.get     age: '0',
22 silly registry.get     connection: 'keep-alive',
22 silly registry.get     'x-served-by': 'cache-sjc3124-SJC',
22 silly registry.get     'x-cache': 'MISS',
22 silly registry.get     'x-cache-hits': '0',
22 silly registry.get     'x-timer': 'S1453419827.101824,VS0,VE70',
22 silly registry.get     vary: 'Accept' } ]
23 silly addNameRange number 2 { name: 'javascripting', range: '*', hasData: true }
24 silly addNameRange versions [ 'javascripting',
24 silly addNameRange   [ '1.0.0',
24 silly addNameRange     '1.0.1',
24 silly addNameRange     '1.1.0',
24 silly addNameRange     '1.1.1',
24 silly addNameRange     '1.1.2',
24 silly addNameRange     '1.1.3',
24 silly addNameRange     '1.2.0',
24 silly addNameRange     '1.3.0',
24 silly addNameRange     '1.4.0',
24 silly addNameRange     '1.5.0',
24 silly addNameRange     '1.6.0',
24 silly addNameRange     '1.7.0',
24 silly addNameRange     '1.8.0',
24 silly addNameRange     '1.9.0',
24 silly addNameRange     '1.9.1',
24 silly addNameRange     '1.10.0',
24 silly addNameRange     '1.10.1',
24 silly addNameRange     '1.10.2',
24 silly addNameRange     '1.10.3',
24 silly addNameRange     '1.11.0',
24 silly addNameRange     '1.11.1',
24 silly addNameRange     '1.12.0',
24 silly addNameRange     '2.0.0',
24 silly addNameRange     '2.0.1',
24 silly addNameRange     '2.0.2',
24 silly addNameRange     '2.0.3',
24 silly addNameRange     '2.1.0',
24 silly addNameRange     '2.2.0',
24 silly addNameRange     '2.2.1',
24 silly addNameRange     '2.3.0',
24 silly addNameRange     '2.4.0' ] ]
25 verbose addNamed [ 'javascripting', '2.4.0' ]
26 verbose addNamed [ '2.4.0', '2.4.0' ]
27 silly lockFile 876cb754-javascripting-2-4-0 javascripting@2.4.0
28 verbose lock javascripting@2.4.0 /home/moad/.npm/876cb754-javascripting-2-4-0.lock
29 silly lockFile 972bb595-cripting-javascripting-2-4-0-tgz https://registry.npmjs.org/javascripting/-/javascripting-2.4.0.tgz
30 verbose lock https://registry.npmjs.org/javascripting/-/javascripting-2.4.0.tgz /home/moad/.npm/972bb595-cripting-javascripting-2-4-0-tgz.lock
31 verbose addRemoteTarball [ 'https://registry.npmjs.org/javascripting/-/javascripting-2.4.0.tgz',
31 verbose addRemoteTarball   '55b484fce519fc073fae878b97f3091c7bc61039' ]
32 info retry fetch attempt 1 at 15:43:47
33 verbose fetch to= /home/moad/tmp/npm-1608-y2iAOXyY/1453419827147-0.17984801880083978/tmp.tgz
34 http GET https://registry.npmjs.org/javascripting/-/javascripting-2.4.0.tgz
35 http 200 https://registry.npmjs.org/javascripting/-/javascripting-2.4.0.tgz
36 verbose tar unpack /home/moad/tmp/npm-1608-y2iAOXyY/1453419827147-0.17984801880083978/tmp.tgz
37 silly lockFile 67a21ddf-7147-0-17984801880083978-package tar:///home/moad/tmp/npm-1608-y2iAOXyY/1453419827147-0.17984801880083978/package
38 verbose lock tar:///home/moad/tmp/npm-1608-y2iAOXyY/1453419827147-0.17984801880083978/package /home/moad/.npm/67a21ddf-7147-0-17984801880083978-package.lock
39 silly lockFile 3fb1c52d-7147-0-17984801880083978-tmp-tgz tar:///home/moad/tmp/npm-1608-y2iAOXyY/1453419827147-0.17984801880083978/tmp.tgz
40 verbose lock tar:///home/moad/tmp/npm-1608-y2iAOXyY/1453419827147-0.17984801880083978/tmp.tgz /home/moad/.npm/3fb1c52d-7147-0-17984801880083978-tmp-tgz.lock
41 silly gunzTarPerm modes [ '755', '644' ]
42 silly gunzTarPerm extractEntry package.json
43 silly gunzTarPerm extractEntry .npmignore
44 silly gunzTarPerm extractEntry README.md
45 silly gunzTarPerm extractEntry index.js
46 silly gunzTarPerm extractEntry javascripting.gif
47 silly gunzTarPerm extractEntry i18n/troubleshooting_it.md
48 silly gunzTarPerm extractEntry i18n/es.json
49 silly gunzTarPerm extractEntry i18n/it.json
50 silly gunzTarPerm extractEntry i18n/ja.json
51 silly gunzTarPerm extractEntry i18n/ko.json
52 silly gunzTarPerm extractEntry i18n/nb-no.json
53 silly gunzTarPerm extractEntry i18n/pt-br.json
54 silly gunzTarPerm extractEntry i18n/troubleshooting.md
55 silly gunzTarPerm extractEntry i18n/troubleshooting_es.md
56 silly gunzTarPerm extractEntry i18n/footer/en.md
57 silly gunzTarPerm extractEntry i18n/footer/es.md
58 silly gunzTarPerm extractEntry i18n/footer/it.md
59 silly gunzTarPerm extractEntry i18n/footer/ja.md
60 silly gunzTarPerm extractEntry i18n/footer/ko.md
61 silly gunzTarPerm extractEntry i18n/footer/nb-no.md
62 silly gunzTarPerm extractEntry i18n/footer/pt-br.md
63 silly gunzTarPerm extractEntry i18n/footer/uk.md
64 silly gunzTarPerm extractEntry i18n/footer/zh-cn.md
65 silly gunzTarPerm extractEntry i18n/troubleshooting_ja.md
66 silly gunzTarPerm extractEntry i18n/troubleshooting_ko.md
67 silly gunzTarPerm extractEntry i18n/troubleshooting_nb-no.md
68 silly gunzTarPerm extractEntry i18n/troubleshooting_pt-br.md
69 silly gunzTarPerm extractEntry i18n/troubleshooting_uk.md
70 silly gunzTarPerm extractEntry i18n/troubleshooting_zh-cn.md
71 silly gunzTarPerm extractEntry i18n/uk.json
72 silly gunzTarPerm extractEntry i18n/zh-cn.json
73 silly gunzTarPerm extractEntry LICENSE.md
74 silly gunzTarPerm extractEntry lib/compare-solution.js
75 silly gunzTarPerm extractEntry lib/footer.js
76 silly gunzTarPerm extractEntry lib/get-file.js
77 silly gunzTarPerm extractEntry lib/problem.js
78 silly gunzTarPerm extractEntry lib/run-solution.js
79 silly gunzTarPerm extractEntry menu.json
80 silly gunzTarPerm extractEntry screenshot.png
81 silly gunzTarPerm extractEntry bin/javascripting
82 silly gunzTarPerm extractEntry problems/numbers/index.js
83 silly gunzTarPerm extractEntry problems/numbers/solution_zh-cn.md
84 silly gunzTarPerm extractEntry problems/numbers/problem_es.md
85 silly gunzTarPerm extractEntry problems/numbers/problem_it.md
86 silly gunzTarPerm extractEntry problems/numbers/problem_ja.md
87 silly gunzTarPerm extractEntry problems/numbers/problem_ko.md
88 silly gunzTarPerm extractEntry problems/numbers/problem_nb-no.md
89 silly gunzTarPerm extractEntry problems/numbers/problem_pt-br.md
90 silly gunzTarPerm extractEntry problems/numbers/problem_uk.md
91 silly gunzTarPerm extractEntry problems/numbers/problem.md
92 silly gunzTarPerm extractEntry problems/numbers/solution.md
93 silly gunzTarPerm extractEntry problems/numbers/solution_es.md
94 silly gunzTarPerm extractEntry problems/numbers/solution_it.md
95 silly gunzTarPerm extractEntry problems/numbers/solution_ja.md
96 silly gunzTarPerm extractEntry problems/numbers/solution_ko.md
97 silly gunzTarPerm extractEntry problems/numbers/solution_nb-no.md
98 silly gunzTarPerm extractEntry problems/numbers/solution_pt-br.md
99 silly gunzTarPerm extractEntry problems/numbers/solution_uk.md
100 silly gunzTarPerm extractEntry problems/numbers/problem_zh-cn.md
101 silly gunzTarPerm extractEntry problems/accessing-array-values/index.js
102 silly gunzTarPerm extractEntry problems/accessing-array-values/solution_zh-cn.md
103 silly gunzTarPerm extractEntry problems/accessing-array-values/problem_es.md
104 silly gunzTarPerm extractEntry problems/accessing-array-values/problem_it.md
105 silly gunzTarPerm extractEntry problems/accessing-array-values/problem_ja.md
106 silly gunzTarPerm extractEntry problems/accessing-array-values/problem_ko.md
107 silly gunzTarPerm extractEntry problems/accessing-array-values/problem_nb-no.md
108 silly gunzTarPerm extractEntry problems/accessing-array-values/problem_pt-br.md
109 silly gunzTarPerm extractEntry problems/accessing-array-values/problem_uk.md
110 silly gunzTarPerm extractEntry problems/accessing-array-values/problem.md
111 silly gunzTarPerm extractEntry problems/accessing-array-values/solution.md
112 silly gunzTarPerm extractEntry problems/accessing-array-values/solution_es.md
113 silly gunzTarPerm extractEntry problems/accessing-array-values/solution_it.md
114 silly gunzTarPerm extractEntry problems/accessing-array-values/solution_ja.md
115 silly gunzTarPerm extractEntry problems/accessing-array-values/solution_ko.md
116 silly gunzTarPerm extractEntry problems/accessing-array-values/solution_nb-no.md
117 silly gunzTarPerm extractEntry problems/accessing-array-values/solution_pt-br.md
118 silly gunzTarPerm extractEntry problems/accessing-array-values/solution_uk.md
119 silly gunzTarPerm extractEntry problems/accessing-array-values/problem_zh-cn.md
120 silly gunzTarPerm extractEntry problems/arrays/index.js
121 silly gunzTarPerm extractEntry problems/arrays/solution_zh-cn.md
122 silly gunzTarPerm extractEntry problems/arrays/problem_es.md
123 silly gunzTarPerm extractEntry problems/arrays/problem_it.md
124 silly gunzTarPerm extractEntry problems/arrays/problem_ja.md
125 silly gunzTarPerm extractEntry problems/arrays/problem_ko.md
126 silly gunzTarPerm extractEntry problems/arrays/problem_nb-no.md
127 silly gunzTarPerm extractEntry problems/arrays/problem_pt-br.md
128 silly gunzTarPerm extractEntry problems/arrays/problem_uk.md
129 silly gunzTarPerm extractEntry problems/arrays/problem.md
130 silly gunzTarPerm extractEntry problems/arrays/solution.md
131 silly gunzTarPerm extractEntry problems/arrays/solution_es.md
132 silly gunzTarPerm extractEntry problems/arrays/solution_it.md
133 silly gunzTarPerm extractEntry problems/arrays/solution_ja.md
134 silly gunzTarPerm extractEntry problems/arrays/solution_ko.md
135 silly gunzTarPerm extractEntry problems/arrays/solution_nb-no.md
136 silly gunzTarPerm extractEntry problems/arrays/solution_pt-br.md
137 silly gunzTarPerm extractEntry problems/arrays/solution_uk.md
138 silly gunzTarPerm extractEntry problems/arrays/problem_zh-cn.md
139 silly gunzTarPerm extractEntry problems/for-loop/index.js
140 silly gunzTarPerm extractEntry problems/for-loop/solution_zh-cn.md
141 silly gunzTarPerm extractEntry problems/for-loop/problem_es.md
142 silly gunzTarPerm extractEntry problems/for-loop/problem_it.md
143 silly gunzTarPerm extractEntry problems/for-loop/problem_ja.md
144 silly gunzTarPerm extractEntry problems/for-loop/problem_ko.md
145 silly gunzTarPerm extractEntry problems/for-loop/problem_nb-no.md
146 silly gunzTarPerm extractEntry problems/for-loop/problem_pt-br.md
147 silly gunzTarPerm extractEntry problems/for-loop/problem_uk.md
148 silly gunzTarPerm extractEntry problems/for-loop/problem.md
149 silly gunzTarPerm extractEntry problems/for-loop/solution.md
150 silly gunzTarPerm extractEntry problems/for-loop/solution_es.md
151 silly gunzTarPerm extractEntry problems/for-loop/solution_it.md
152 silly gunzTarPerm extractEntry problems/for-loop/solution_ja.md
153 silly gunzTarPerm extractEntry problems/for-loop/solution_ko.md
154 silly gunzTarPerm extractEntry problems/for-loop/solution_nb-no.md
155 silly gunzTarPerm extractEntry problems/for-loop/solution_pt-br.md
156 silly gunzTarPerm extractEntry problems/for-loop/solution_uk.md
157 silly gunzTarPerm extractEntry problems/for-loop/problem_zh-cn.md
158 silly gunzTarPerm extractEntry problems/function-arguments/index.js
159 silly gunzTarPerm extractEntry problems/function-arguments/solution_zh-cn.md
160 silly gunzTarPerm extractEntry problems/function-arguments/problem_es.md
161 silly gunzTarPerm extractEntry problems/function-arguments/problem_it.md
162 silly gunzTarPerm extractEntry problems/function-arguments/problem_ja.md
163 silly gunzTarPerm extractEntry problems/function-arguments/problem_ko.md
164 silly gunzTarPerm extractEntry problems/function-arguments/problem_nb-no.md
165 silly gunzTarPerm extractEntry problems/function-arguments/problem_pt-br.md
166 silly gunzTarPerm extractEntry problems/function-arguments/problem_uk.md
167 silly gunzTarPerm extractEntry problems/function-arguments/problem.md
168 silly gunzTarPerm extractEntry problems/function-arguments/solution.md
169 silly gunzTarPerm extractEntry problems/function-arguments/solution_es.md
170 silly gunzTarPerm extractEntry problems/function-arguments/solution_it.md
171 silly gunzTarPerm extractEntry problems/function-arguments/solution_ja.md
172 silly gunzTarPerm extractEntry problems/function-arguments/solution_ko.md
173 silly gunzTarPerm extractEntry problems/function-arguments/solution_nb-no.md
174 silly gunzTarPerm extractEntry problems/function-arguments/solution_pt-br.md
175 silly gunzTarPerm extractEntry problems/function-arguments/solution_uk.md
176 silly gunzTarPerm extractEntry problems/function-arguments/problem_zh-cn.md
177 silly gunzTarPerm extractEntry problems/function-return-values/index.js
178 silly gunzTarPerm extractEntry problems/function-return-values/solution_zh-cn.md
179 silly gunzTarPerm extractEntry problems/function-return-values/problem_es.md
180 silly gunzTarPerm extractEntry problems/function-return-values/problem_it.md
181 silly gunzTarPerm extractEntry problems/function-return-values/problem_ja.md
182 silly gunzTarPerm extractEntry problems/function-return-values/problem_ko.md
183 silly gunzTarPerm extractEntry problems/function-return-values/problem_nb-no.md
184 silly gunzTarPerm extractEntry problems/function-return-values/problem_pt-br.md
185 silly gunzTarPerm extractEntry problems/function-return-values/problem_uk.md
186 silly gunzTarPerm extractEntry problems/function-return-values/problem.md
187 silly gunzTarPerm extractEntry problems/function-return-values/solution.md
188 silly gunzTarPerm extractEntry problems/function-return-values/solution_es.md
189 silly gunzTarPerm extractEntry problems/function-return-values/solution_it.md
190 silly gunzTarPerm extractEntry problems/function-return-values/solution_ja.md
191 silly gunzTarPerm extractEntry problems/function-return-values/solution_ko.md
192 silly gunzTarPerm extractEntry problems/function-return-values/solution_nb-no.md
193 silly gunzTarPerm extractEntry problems/function-return-values/solution_pt-br.md
194 silly gunzTarPerm extractEntry problems/function-return-values/solution_uk.md
195 silly gunzTarPerm extractEntry problems/function-return-values/problem_zh-cn.md
196 silly gunzTarPerm extractEntry problems/functions/index.js
197 silly gunzTarPerm extractEntry problems/functions/solution_zh-cn.md
198 silly gunzTarPerm extractEntry problems/functions/problem_es.md
199 silly gunzTarPerm extractEntry problems/functions/problem_it.md
200 silly gunzTarPerm extractEntry problems/functions/problem_ja.md
201 silly gunzTarPerm extractEntry problems/functions/problem_ko.md
202 silly gunzTarPerm extractEntry problems/functions/problem_nb-no.md
203 silly gunzTarPerm extractEntry problems/functions/problem_pt-br.md
204 silly gunzTarPerm extractEntry problems/functions/problem_uk.md
205 silly gunzTarPerm extractEntry problems/functions/problem.md
206 silly gunzTarPerm extractEntry problems/functions/solution.md
207 silly gunzTarPerm extractEntry problems/functions/solution_es.md
208 silly gunzTarPerm extractEntry problems/functions/solution_it.md
209 silly gunzTarPerm extractEntry problems/functions/solution_ja.md
210 silly gunzTarPerm extractEntry problems/functions/solution_ko.md
211 silly gunzTarPerm extractEntry problems/functions/solution_nb-no.md
212 silly gunzTarPerm extractEntry problems/functions/solution_pt-br.md
213 silly gunzTarPerm extractEntry problems/functions/solution_uk.md
214 silly gunzTarPerm extractEntry problems/functions/problem_zh-cn.md
215 silly gunzTarPerm extractEntry problems/if-statement/index.js
216 silly gunzTarPerm extractEntry problems/if-statement/solution_zh-cn.md
217 silly gunzTarPerm extractEntry problems/if-statement/problem_es.md
218 silly gunzTarPerm extractEntry problems/if-statement/problem_it.md
219 silly gunzTarPerm extractEntry problems/if-statement/problem_ja.md
220 silly gunzTarPerm extractEntry problems/if-statement/problem_ko.md
221 silly gunzTarPerm extractEntry problems/if-statement/problem_nb-no.md
222 silly gunzTarPerm extractEntry problems/if-statement/problem_pt-br.md
223 silly gunzTarPerm extractEntry problems/if-statement/problem_uk.md
224 silly gunzTarPerm extractEntry problems/if-statement/problem.md
225 silly gunzTarPerm extractEntry problems/if-statement/solution.md
226 silly gunzTarPerm extractEntry problems/if-statement/solution_es.md
227 silly gunzTarPerm extractEntry problems/if-statement/solution_it.md
228 silly gunzTarPerm extractEntry problems/if-statement/solution_ja.md
229 silly gunzTarPerm extractEntry problems/if-statement/solution_ko.md
230 silly gunzTarPerm extractEntry problems/if-statement/solution_nb-no.md
231 silly gunzTarPerm extractEntry problems/if-statement/solution_pt-br.md
232 silly gunzTarPerm extractEntry problems/if-statement/solution_uk.md
233 silly gunzTarPerm extractEntry problems/if-statement/problem_zh-cn.md
234 silly gunzTarPerm extractEntry problems/introduction/index.js
235 silly gunzTarPerm extractEntry problems/introduction/solution_zh-cn.md
236 silly gunzTarPerm extractEntry problems/introduction/problem_es.md
237 silly gunzTarPerm extractEntry problems/introduction/problem_it.md
238 silly gunzTarPerm extractEntry problems/introduction/problem_ja.md
239 silly gunzTarPerm extractEntry problems/introduction/problem_ko.md
240 silly gunzTarPerm extractEntry problems/introduction/problem_nb-no.md
241 silly gunzTarPerm extractEntry problems/introduction/problem_pt-br.md
242 silly gunzTarPerm extractEntry problems/introduction/problem_uk.md
243 silly gunzTarPerm extractEntry problems/introduction/problem.md
244 silly gunzTarPerm extractEntry problems/introduction/solution.md
245 silly gunzTarPerm extractEntry problems/introduction/solution_es.md
246 silly gunzTarPerm extractEntry problems/introduction/solution_it.md
247 silly gunzTarPerm extractEntry problems/introduction/solution_ja.md
248 silly gunzTarPerm extractEntry problems/introduction/solution_ko.md
249 silly gunzTarPerm extractEntry problems/introduction/solution_nb-no.md
250 silly gunzTarPerm extractEntry problems/introduction/solution_pt-br.md
251 silly gunzTarPerm extractEntry problems/introduction/solution_uk.md
252 silly gunzTarPerm extractEntry problems/introduction/problem_zh-cn.md
253 silly gunzTarPerm extractEntry problems/looping-through-arrays/index.js
254 silly gunzTarPerm extractEntry problems/looping-through-arrays/solution_zh-cn.md
255 silly gunzTarPerm extractEntry problems/looping-through-arrays/problem_es.md
256 silly gunzTarPerm extractEntry problems/looping-through-arrays/problem_it.md
257 silly gunzTarPerm extractEntry problems/looping-through-arrays/problem_ja.md
258 silly gunzTarPerm extractEntry problems/looping-through-arrays/problem_ko.md
259 silly gunzTarPerm extractEntry problems/looping-through-arrays/problem_nb-no.md
260 silly gunzTarPerm extractEntry problems/looping-through-arrays/problem_pt-br.md
261 silly gunzTarPerm extractEntry problems/looping-through-arrays/problem_uk.md
262 silly gunzTarPerm extractEntry problems/looping-through-arrays/problem.md
263 silly gunzTarPerm extractEntry problems/looping-through-arrays/solution.md
264 silly gunzTarPerm extractEntry problems/looping-through-arrays/solution_es.md
265 silly gunzTarPerm extractEntry problems/looping-through-arrays/solution_it.md
266 silly gunzTarPerm extractEntry problems/looping-through-arrays/solution_ja.md
267 silly gunzTarPerm extractEntry problems/looping-through-arrays/solution_ko.md
268 silly gunzTarPerm extractEntry problems/looping-through-arrays/solution_nb-no.md
269 silly gunzTarPerm extractEntry problems/looping-through-arrays/solution_pt-br.md
270 silly gunzTarPerm extractEntry problems/looping-through-arrays/solution_uk.md
271 silly gunzTarPerm extractEntry problems/looping-through-arrays/problem_zh-cn.md
272 silly gunzTarPerm extractEntry problems/number-to-string/index.js
273 silly gunzTarPerm extractEntry problems/number-to-string/solution_zh-cn.md
274 silly gunzTarPerm extractEntry problems/number-to-string/problem_es.md
275 silly gunzTarPerm extractEntry problems/number-to-string/problem_it.md
276 silly gunzTarPerm extractEntry problems/number-to-string/problem_ja.md
277 silly gunzTarPerm extractEntry problems/number-to-string/problem_ko.md
278 silly gunzTarPerm extractEntry problems/number-to-string/problem_nb-no.md
279 silly gunzTarPerm extractEntry problems/number-to-string/problem_pt-br.md
280 silly gunzTarPerm extractEntry problems/number-to-string/problem_uk.md
281 silly gunzTarPerm extractEntry problems/number-to-string/problem.md
282 silly gunzTarPerm extractEntry problems/number-to-string/solution.md
283 silly gunzTarPerm extractEntry problems/number-to-string/solution_es.md
284 silly gunzTarPerm extractEntry problems/number-to-string/solution_it.md
285 silly gunzTarPerm extractEntry problems/number-to-string/solution_ja.md
286 silly gunzTarPerm extractEntry problems/number-to-string/solution_ko.md
287 silly gunzTarPerm extractEntry problems/number-to-string/solution_nb-no.md
288 silly gunzTarPerm extractEntry problems/number-to-string/solution_pt-br.md
289 silly gunzTarPerm extractEntry problems/number-to-string/solution_uk.md
290 silly gunzTarPerm extractEntry problems/number-to-string/problem_zh-cn.md
291 silly gunzTarPerm extractEntry problems/array-filtering/index.js
292 silly gunzTarPerm extractEntry problems/array-filtering/solution_zh-cn.md
293 silly gunzTarPerm extractEntry problems/array-filtering/problem_es.md
294 silly gunzTarPerm extractEntry problems/array-filtering/problem_it.md
295 silly gunzTarPerm extractEntry problems/array-filtering/problem_ja.md
296 silly gunzTarPerm extractEntry problems/array-filtering/problem_ko.md
297 silly gunzTarPerm extractEntry problems/array-filtering/problem_nb-no.md
298 silly gunzTarPerm extractEntry problems/array-filtering/problem_pt-br.md
299 silly gunzTarPerm extractEntry problems/array-filtering/problem_uk.md
300 silly gunzTarPerm extractEntry problems/array-filtering/problem.md
301 silly gunzTarPerm extractEntry problems/array-filtering/solution.md
302 silly gunzTarPerm extractEntry problems/array-filtering/solution_es.md
303 silly gunzTarPerm extractEntry problems/array-filtering/solution_it.md
304 silly gunzTarPerm extractEntry problems/array-filtering/solution_ja.md
305 silly gunzTarPerm extractEntry problems/array-filtering/solution_ko.md
306 silly gunzTarPerm extractEntry problems/array-filtering/solution_nb-no.md
307 silly gunzTarPerm extractEntry problems/array-filtering/solution_pt-br.md
308 silly gunzTarPerm extractEntry problems/array-filtering/solution_uk.md
309 silly gunzTarPerm extractEntry problems/array-filtering/problem_zh-cn.md
310 silly gunzTarPerm extractEntry problems/object-keys/index.js
311 silly gunzTarPerm extractEntry problems/object-keys/solution_zh-cn.md
312 silly gunzTarPerm extractEntry problems/object-keys/problem_es.md
313 silly gunzTarPerm extractEntry problems/object-keys/problem_it.md
314 silly gunzTarPerm extractEntry problems/object-keys/problem_ja.md
315 silly gunzTarPerm extractEntry problems/object-keys/problem_ko.md
316 silly gunzTarPerm extractEntry problems/object-keys/problem_nb-no.md
317 silly gunzTarPerm extractEntry problems/object-keys/problem_pt-br.md
318 silly gunzTarPerm extractEntry problems/object-keys/problem_uk.md
319 silly gunzTarPerm extractEntry problems/object-keys/problem.md
320 silly gunzTarPerm extractEntry problems/object-keys/solution.md
321 silly gunzTarPerm extractEntry problems/object-keys/solution_es.md
322 silly gunzTarPerm extractEntry problems/object-keys/solution_it.md
323 silly gunzTarPerm extractEntry problems/object-keys/solution_ja.md
324 silly gunzTarPerm extractEntry problems/object-keys/solution_ko.md
325 silly gunzTarPerm extractEntry problems/object-keys/solution_nb-no.md
326 silly gunzTarPerm extractEntry problems/object-keys/solution_pt-br.md
327 silly gunzTarPerm extractEntry problems/object-keys/solution_uk.md
328 silly gunzTarPerm extractEntry problems/object-keys/problem_zh-cn.md
329 silly gunzTarPerm extractEntry problems/object-properties/index.js
330 silly gunzTarPerm extractEntry problems/object-properties/solution_zh-cn.md
331 silly gunzTarPerm extractEntry problems/object-properties/problem_es.md
332 silly gunzTarPerm extractEntry problems/object-properties/problem_it.md
333 silly gunzTarPerm extractEntry problems/object-properties/problem_ja.md
334 silly gunzTarPerm extractEntry problems/object-properties/problem_ko.md
335 silly gunzTarPerm extractEntry problems/object-properties/problem_nb-no.md
336 silly gunzTarPerm extractEntry problems/object-properties/problem_pt-br.md
337 silly gunzTarPerm extractEntry problems/object-properties/problem_uk.md
338 silly gunzTarPerm extractEntry problems/object-properties/problem.md
339 silly gunzTarPerm extractEntry problems/object-properties/solution.md
340 silly gunzTarPerm extractEntry problems/object-properties/solution_es.md
341 silly gunzTarPerm extractEntry problems/object-properties/solution_it.md
342 silly gunzTarPerm extractEntry problems/object-properties/solution_ja.md
343 silly gunzTarPerm extractEntry problems/object-properties/solution_ko.md
344 silly gunzTarPerm extractEntry problems/object-properties/solution_nb-no.md
345 silly gunzTarPerm extractEntry problems/object-properties/solution_pt-br.md
346 silly gunzTarPerm extractEntry problems/object-properties/solution_uk.md
347 silly gunzTarPerm extractEntry problems/object-properties/problem_zh-cn.md
348 silly gunzTarPerm extractEntry problems/objects/index.js
349 silly gunzTarPerm extractEntry problems/objects/solution_zh-cn.md
350 silly gunzTarPerm extractEntry problems/objects/problem_es.md
351 silly gunzTarPerm extractEntry problems/objects/problem_it.md
352 silly gunzTarPerm extractEntry problems/objects/problem_ja.md
353 silly gunzTarPerm extractEntry problems/objects/problem_ko.md
354 silly gunzTarPerm extractEntry problems/objects/problem_nb-no.md
355 silly gunzTarPerm extractEntry problems/objects/problem_pt-br.md
356 silly gunzTarPerm extractEntry problems/objects/problem_uk.md
357 silly gunzTarPerm extractEntry problems/objects/problem.md
358 silly gunzTarPerm extractEntry problems/objects/solution.md
359 silly gunzTarPerm extractEntry problems/objects/solution_es.md
360 silly gunzTarPerm extractEntry problems/objects/solution_it.md
361 silly gunzTarPerm extractEntry problems/objects/solution_ja.md
362 silly gunzTarPerm extractEntry problems/objects/solution_ko.md
363 silly gunzTarPerm extractEntry problems/objects/solution_nb-no.md
364 silly gunzTarPerm extractEntry problems/objects/solution_pt-br.md
365 silly gunzTarPerm extractEntry problems/objects/solution_uk.md
366 silly gunzTarPerm extractEntry problems/objects/problem_zh-cn.md
367 silly gunzTarPerm extractEntry problems/revising-strings/index.js
368 silly gunzTarPerm extractEntry problems/revising-strings/solution_zh-cn.md
369 silly gunzTarPerm extractEntry problems/revising-strings/problem_es.md
370 silly gunzTarPerm extractEntry problems/revising-strings/problem_it.md
371 silly gunzTarPerm extractEntry problems/revising-strings/problem_ja.md
372 silly gunzTarPerm extractEntry problems/revising-strings/problem_ko.md
373 silly gunzTarPerm extractEntry problems/revising-strings/problem_nb-no.md
374 silly gunzTarPerm extractEntry problems/revising-strings/problem_pt-br.md
375 silly gunzTarPerm extractEntry problems/revising-strings/problem_uk.md
376 silly gunzTarPerm extractEntry problems/revising-strings/problem.md
377 silly gunzTarPerm extractEntry problems/revising-strings/solution.md
378 silly gunzTarPerm extractEntry problems/revising-strings/solution_es.md
379 silly gunzTarPerm extractEntry problems/revising-strings/solution_it.md
380 silly gunzTarPerm extractEntry problems/revising-strings/solution_ja.md
381 silly gunzTarPerm extractEntry problems/revising-strings/solution_ko.md
382 silly gunzTarPerm extractEntry problems/revising-strings/solution_nb-no.md
383 silly gunzTarPerm extractEntry problems/revising-strings/solution_pt-br.md
384 silly gunzTarPerm extractEntry problems/revising-strings/solution_uk.md
385 silly gunzTarPerm extractEntry problems/revising-strings/problem_zh-cn.md
386 silly gunzTarPerm extractEntry problems/rounding-numbers/index.js
387 silly gunzTarPerm extractEntry problems/rounding-numbers/solution_zh-cn.md
388 silly gunzTarPerm extractEntry problems/rounding-numbers/problem_es.md
389 silly gunzTarPerm extractEntry problems/rounding-numbers/problem_it.md
390 silly gunzTarPerm extractEntry problems/rounding-numbers/problem_ja.md
391 silly gunzTarPerm extractEntry problems/rounding-numbers/problem_ko.md
392 silly gunzTarPerm extractEntry problems/rounding-numbers/problem_nb-no.md
393 silly gunzTarPerm extractEntry problems/rounding-numbers/problem_pt-br.md
394 silly gunzTarPerm extractEntry problems/rounding-numbers/problem_uk.md
395 silly gunzTarPerm extractEntry problems/rounding-numbers/problem.md
396 silly gunzTarPerm extractEntry problems/rounding-numbers/solution.md
397 silly gunzTarPerm extractEntry problems/rounding-numbers/solution_es.md
398 silly gunzTarPerm extractEntry problems/rounding-numbers/solution_it.md
399 silly gunzTarPerm extractEntry problems/rounding-numbers/solution_ja.md
400 silly gunzTarPerm extractEntry problems/rounding-numbers/solution_ko.md
401 silly gunzTarPerm extractEntry problems/rounding-numbers/solution_nb-no.md
402 silly gunzTarPerm extractEntry problems/rounding-numbers/solution_pt-br.md
403 silly gunzTarPerm extractEntry problems/rounding-numbers/solution_uk.md
404 silly gunzTarPerm extractEntry problems/rounding-numbers/problem_zh-cn.md
405 silly gunzTarPerm extractEntry problems/scope/index.js
406 silly gunzTarPerm extractEntry problems/scope/solution_zh-cn.md
407 silly gunzTarPerm extractEntry problems/scope/problem_es.md
408 silly gunzTarPerm extractEntry problems/scope/problem_it.md
409 silly gunzTarPerm extractEntry problems/scope/problem_ja.md
410 silly gunzTarPerm extractEntry problems/scope/problem_ko.md
411 silly gunzTarPerm extractEntry problems/scope/problem_nb-no.md
412 silly gunzTarPerm extractEntry problems/scope/problem_pt-br.md
413 silly gunzTarPerm extractEntry problems/scope/problem_uk.md
414 silly gunzTarPerm extractEntry problems/scope/problem.md
415 silly gunzTarPerm extractEntry problems/scope/solution.md
416 silly gunzTarPerm extractEntry problems/scope/solution_es.md
417 silly gunzTarPerm extractEntry problems/scope/solution_it.md
418 silly gunzTarPerm extractEntry problems/scope/solution_ja.md
419 silly gunzTarPerm extractEntry problems/scope/solution_ko.md
420 silly gunzTarPerm extractEntry problems/scope/solution_nb-no.md
421 silly gunzTarPerm extractEntry problems/scope/solution_pt-br.md
422 silly gunzTarPerm extractEntry problems/scope/solution_uk.md
423 silly gunzTarPerm extractEntry problems/scope/problem_zh-cn.md
424 silly gunzTarPerm extractEntry problems/string-length/index.js
425 silly gunzTarPerm extractEntry problems/string-length/solution_zh-cn.md
426 silly gunzTarPerm extractEntry problems/string-length/problem_es.md
427 silly gunzTarPerm extractEntry problems/string-length/problem_it.md
428 silly gunzTarPerm extractEntry problems/string-length/problem_ja.md
429 silly gunzTarPerm extractEntry problems/string-length/problem_ko.md
430 silly gunzTarPerm extractEntry problems/string-length/problem_nb-no.md
431 silly gunzTarPerm extractEntry problems/string-length/problem_pt-br.md
432 silly gunzTarPerm extractEntry problems/string-length/problem_uk.md
433 silly gunzTarPerm extractEntry problems/string-length/problem.md
434 silly gunzTarPerm extractEntry problems/string-length/solution.md
435 silly gunzTarPerm extractEntry problems/string-length/solution_es.md
436 silly gunzTarPerm extractEntry problems/string-length/solution_it.md
437 silly gunzTarPerm extractEntry problems/string-length/solution_ja.md
438 silly gunzTarPerm extractEntry problems/string-length/solution_ko.md
439 silly gunzTarPerm extractEntry problems/string-length/solution_nb-no.md
440 silly gunzTarPerm extractEntry problems/string-length/solution_pt-br.md
441 silly gunzTarPerm extractEntry problems/string-length/solution_uk.md
442 silly gunzTarPerm extractEntry problems/string-length/problem_zh-cn.md
443 silly gunzTarPerm extractEntry problems/strings/index.js
444 silly gunzTarPerm extractEntry problems/strings/solution_zh-cn.md
445 silly gunzTarPerm extractEntry problems/strings/problem_es.md
446 silly gunzTarPerm extractEntry problems/strings/problem_it.md
447 silly gunzTarPerm extractEntry problems/strings/problem_ja.md
448 silly gunzTarPerm extractEntry problems/strings/problem_ko.md
449 silly gunzTarPerm extractEntry problems/strings/problem_nb-no.md
450 silly gunzTarPerm extractEntry problems/strings/problem_pt-br.md
451 silly gunzTarPerm extractEntry problems/strings/problem_uk.md
452 silly gunzTarPerm extractEntry problems/strings/problem.md
453 silly gunzTarPerm extractEntry problems/strings/solution.md
454 silly gunzTarPerm extractEntry problems/strings/solution_es.md
455 silly gunzTarPerm extractEntry problems/strings/solution_it.md
456 silly gunzTarPerm extractEntry problems/strings/solution_ja.md
457 silly gunzTarPerm extractEntry problems/strings/solution_ko.md
458 silly gunzTarPerm extractEntry problems/strings/solution_nb-no.md
459 silly gunzTarPerm extractEntry problems/strings/solution_pt-br.md
460 silly gunzTarPerm extractEntry problems/strings/solution_uk.md
461 silly gunzTarPerm extractEntry problems/strings/problem_zh-cn.md
462 silly gunzTarPerm extractEntry problems/this/index.js
463 silly gunzTarPerm extractEntry problems/this/solution_zh-cn.md
464 silly gunzTarPerm extractEntry problems/this/problem_es.md
465 silly gunzTarPerm extractEntry problems/this/problem_it.md
466 silly gunzTarPerm extractEntry problems/this/problem_ja.md
467 silly gunzTarPerm extractEntry problems/this/problem_ko.md
468 silly gunzTarPerm extractEntry problems/this/problem_pt-br.md
469 silly gunzTarPerm extractEntry problems/this/problem_uk.md
470 silly gunzTarPerm extractEntry problems/this/problem.md
471 silly gunzTarPerm extractEntry problems/this/solution.md
472 silly gunzTarPerm extractEntry problems/this/solution_es.md
473 silly gunzTarPerm extractEntry problems/this/solution_it.md
474 silly gunzTarPerm extractEntry problems/this/solution_ja.md
475 silly gunzTarPerm extractEntry problems/this/solution_ko.md
476 silly gunzTarPerm extractEntry problems/this/solution_pt-br.md
477 silly gunzTarPerm extractEntry problems/this/solution_uk.md
478 silly gunzTarPerm extractEntry problems/this/problem_zh-cn.md
479 silly gunzTarPerm extractEntry problems/variables/index.js
480 silly gunzTarPerm extractEntry problems/variables/solution_zh-cn.md
481 silly gunzTarPerm extractEntry problems/variables/problem_es.md
482 silly gunzTarPerm extractEntry problems/variables/problem_it.md
483 silly gunzTarPerm extractEntry problems/variables/problem_ja.md
484 silly gunzTarPerm extractEntry problems/variables/problem_ko.md
485 silly gunzTarPerm extractEntry problems/variables/problem_nb-no.md
486 silly gunzTarPerm extractEntry problems/variables/problem_pt-br.md
487 silly gunzTarPerm extractEntry problems/variables/problem_uk.md
488 silly gunzTarPerm extractEntry problems/variables/problem.md
489 silly gunzTarPerm extractEntry problems/variables/solution.md
490 silly gunzTarPerm extractEntry problems/variables/solution_es.md
491 silly gunzTarPerm extractEntry problems/variables/solution_it.md
492 silly gunzTarPerm extractEntry problems/variables/solution_ja.md
493 silly gunzTarPerm extractEntry problems/variables/solution_ko.md
494 silly gunzTarPerm extractEntry problems/variables/solution_nb-no.md
495 silly gunzTarPerm extractEntry problems/variables/solution_pt-br.md
496 silly gunzTarPerm extractEntry problems/variables/solution_uk.md
497 silly gunzTarPerm extractEntry problems/variables/problem_zh-cn.md
498 silly gunzTarPerm extractEntry solutions/numbers/index.js
499 silly gunzTarPerm extractEntry solutions/accessing-array-values/index.js
500 silly gunzTarPerm extractEntry solutions/arrays/index.js
501 silly gunzTarPerm extractEntry solutions/for-loop/index.js
502 silly gunzTarPerm extractEntry solutions/function-arguments/index.js
503 silly gunzTarPerm extractEntry solutions/function-return-values/index.js
504 silly gunzTarPerm extractEntry solutions/functions/index.js
505 silly gunzTarPerm extractEntry solutions/if-statement/index.js
506 silly gunzTarPerm extractEntry solutions/introduction/index.js
507 silly gunzTarPerm extractEntry solutions/looping-through-arrays/index.js
508 silly gunzTarPerm extractEntry solutions/number-to-string/index.js
509 silly gunzTarPerm extractEntry solutions/array-filtering/index.js
510 silly gunzTarPerm extractEntry solutions/object-keys/index.js
511 silly gunzTarPerm extractEntry solutions/object-properties/index.js
512 silly gunzTarPerm extractEntry solutions/objects/index.js
513 silly gunzTarPerm extractEntry solutions/revising-strings/index.js
514 silly gunzTarPerm extractEntry solutions/rounding-numbers/index.js
515 silly gunzTarPerm extractEntry solutions/scope/index.js
516 silly gunzTarPerm extractEntry solutions/string-length/index.js
517 silly gunzTarPerm extractEntry solutions/strings/index.js
518 silly gunzTarPerm extractEntry solutions/this/index.js
519 silly gunzTarPerm extractEntry solutions/variables/index.js
520 silly lockFile 67a21ddf-7147-0-17984801880083978-package tar:///home/moad/tmp/npm-1608-y2iAOXyY/1453419827147-0.17984801880083978/package
521 silly lockFile 67a21ddf-7147-0-17984801880083978-package tar:///home/moad/tmp/npm-1608-y2iAOXyY/1453419827147-0.17984801880083978/package
522 silly lockFile 3fb1c52d-7147-0-17984801880083978-tmp-tgz tar:///home/moad/tmp/npm-1608-y2iAOXyY/1453419827147-0.17984801880083978/tmp.tgz
523 silly lockFile 3fb1c52d-7147-0-17984801880083978-tmp-tgz tar:///home/moad/tmp/npm-1608-y2iAOXyY/1453419827147-0.17984801880083978/tmp.tgz
524 verbose tar pack [ '/home/moad/.npm/javascripting/2.4.0/package.tgz',
524 verbose tar pack   '/home/moad/tmp/npm-1608-y2iAOXyY/1453419827147-0.17984801880083978/package' ]
525 verbose tarball /home/moad/.npm/javascripting/2.4.0/package.tgz
526 verbose folder /home/moad/tmp/npm-1608-y2iAOXyY/1453419827147-0.17984801880083978/package
527 silly lockFile 67a21ddf-7147-0-17984801880083978-package tar:///home/moad/tmp/npm-1608-y2iAOXyY/1453419827147-0.17984801880083978/package
528 verbose lock tar:///home/moad/tmp/npm-1608-y2iAOXyY/1453419827147-0.17984801880083978/package /home/moad/.npm/67a21ddf-7147-0-17984801880083978-package.lock
529 silly lockFile c38eb262--javascripting-2-4-0-package-tgz tar:///home/moad/.npm/javascripting/2.4.0/package.tgz
530 verbose lock tar:///home/moad/.npm/javascripting/2.4.0/package.tgz /home/moad/.npm/c38eb262--javascripting-2-4-0-package-tgz.lock
531 silly lockFile 67a21ddf-7147-0-17984801880083978-package tar:///home/moad/tmp/npm-1608-y2iAOXyY/1453419827147-0.17984801880083978/package
532 silly lockFile 67a21ddf-7147-0-17984801880083978-package tar:///home/moad/tmp/npm-1608-y2iAOXyY/1453419827147-0.17984801880083978/package
533 silly lockFile c38eb262--javascripting-2-4-0-package-tgz tar:///home/moad/.npm/javascripting/2.4.0/package.tgz
534 silly lockFile c38eb262--javascripting-2-4-0-package-tgz tar:///home/moad/.npm/javascripting/2.4.0/package.tgz
535 silly lockFile 7f04a619--npm-javascripting-2-4-0-package /home/moad/.npm/javascripting/2.4.0/package
536 verbose lock /home/moad/.npm/javascripting/2.4.0/package /home/moad/.npm/7f04a619--npm-javascripting-2-4-0-package.lock
537 silly lockFile 7f04a619--npm-javascripting-2-4-0-package /home/moad/.npm/javascripting/2.4.0/package
538 silly lockFile 7f04a619--npm-javascripting-2-4-0-package /home/moad/.npm/javascripting/2.4.0/package
539 verbose tar unpack /home/moad/.npm/javascripting/2.4.0/package.tgz
540 silly lockFile 3fb55d2c--npm-javascripting-2-4-0-package tar:///home/moad/.npm/javascripting/2.4.0/package
541 verbose lock tar:///home/moad/.npm/javascripting/2.4.0/package /home/moad/.npm/3fb55d2c--npm-javascripting-2-4-0-package.lock
542 silly lockFile c38eb262--javascripting-2-4-0-package-tgz tar:///home/moad/.npm/javascripting/2.4.0/package.tgz
543 verbose lock tar:///home/moad/.npm/javascripting/2.4.0/package.tgz /home/moad/.npm/c38eb262--javascripting-2-4-0-package-tgz.lock
544 silly gunzTarPerm modes [ '755', '644' ]
545 silly gunzTarPerm extractEntry package.json
546 silly gunzTarPerm extractEntry .npmignore
547 silly gunzTarPerm extractEntry README.md
548 silly gunzTarPerm extractEntry index.js
549 silly gunzTarPerm extractEntry i18n/troubleshooting_it.md
550 silly gunzTarPerm extractEntry i18n/es.json
551 silly gunzTarPerm extractEntry i18n/it.json
552 silly gunzTarPerm extractEntry i18n/ja.json
553 silly gunzTarPerm extractEntry i18n/ko.json
554 silly gunzTarPerm extractEntry i18n/nb-no.json
555 silly gunzTarPerm extractEntry i18n/pt-br.json
556 silly gunzTarPerm extractEntry i18n/troubleshooting.md
557 silly gunzTarPerm extractEntry i18n/troubleshooting_es.md
558 silly gunzTarPerm extractEntry i18n/footer/en.md
559 silly gunzTarPerm extractEntry i18n/footer/es.md
560 silly gunzTarPerm extractEntry i18n/footer/it.md
561 silly gunzTarPerm extractEntry i18n/footer/ja.md
562 silly gunzTarPerm extractEntry i18n/footer/ko.md
563 silly gunzTarPerm extractEntry i18n/footer/nb-no.md
564 silly gunzTarPerm extractEntry i18n/footer/pt-br.md
565 silly gunzTarPerm extractEntry i18n/footer/uk.md
566 silly gunzTarPerm extractEntry i18n/footer/zh-cn.md
567 silly gunzTarPerm extractEntry i18n/troubleshooting_ja.md
568 silly gunzTarPerm extractEntry i18n/troubleshooting_ko.md
569 silly gunzTarPerm extractEntry i18n/troubleshooting_nb-no.md
570 silly gunzTarPerm extractEntry i18n/troubleshooting_pt-br.md
571 silly gunzTarPerm extractEntry i18n/troubleshooting_uk.md
572 silly gunzTarPerm extractEntry i18n/troubleshooting_zh-cn.md
573 silly gunzTarPerm extractEntry i18n/uk.json
574 silly gunzTarPerm extractEntry i18n/zh-cn.json
575 silly gunzTarPerm extractEntry solutions/numbers/index.js
576 silly gunzTarPerm extractEntry solutions/accessing-array-values/index.js
577 silly gunzTarPerm extractEntry solutions/arrays/index.js
578 silly gunzTarPerm extractEntry solutions/for-loop/index.js
579 silly gunzTarPerm extractEntry solutions/function-arguments/index.js
580 silly gunzTarPerm extractEntry solutions/function-return-values/index.js
581 silly gunzTarPerm extractEntry solutions/functions/index.js
582 silly gunzTarPerm extractEntry solutions/if-statement/index.js
583 silly gunzTarPerm extractEntry solutions/introduction/index.js
584 silly gunzTarPerm extractEntry solutions/looping-through-arrays/index.js
585 silly gunzTarPerm extractEntry solutions/number-to-string/index.js
586 silly gunzTarPerm extractEntry solutions/array-filtering/index.js
587 silly gunzTarPerm extractEntry solutions/object-keys/index.js
588 silly gunzTarPerm extractEntry solutions/object-properties/index.js
589 silly gunzTarPerm extractEntry solutions/objects/index.js
590 silly gunzTarPerm extractEntry solutions/revising-strings/index.js
591 silly gunzTarPerm extractEntry solutions/rounding-numbers/index.js
592 silly gunzTarPerm extractEntry solutions/scope/index.js
593 silly gunzTarPerm extractEntry solutions/string-length/index.js
594 silly gunzTarPerm extractEntry solutions/strings/index.js
595 silly gunzTarPerm extractEntry solutions/this/index.js
596 silly gunzTarPerm extractEntry solutions/variables/index.js
597 silly gunzTarPerm extractEntry LICENSE.md
598 silly gunzTarPerm extractEntry lib/compare-solution.js
599 silly gunzTarPerm extractEntry lib/footer.js
600 silly gunzTarPerm extractEntry lib/get-file.js
601 silly gunzTarPerm extractEntry lib/problem.js
602 silly gunzTarPerm extractEntry lib/run-solution.js
603 silly gunzTarPerm extractEntry menu.json
604 silly gunzTarPerm extractEntry bin/javascripting
605 silly gunzTarPerm extractEntry problems/numbers/index.js
606 silly gunzTarPerm extractEntry problems/numbers/solution_zh-cn.md
607 silly gunzTarPerm extractEntry problems/numbers/problem_es.md
608 silly gunzTarPerm extractEntry problems/numbers/problem_it.md
609 silly gunzTarPerm extractEntry problems/numbers/problem_ja.md
610 silly gunzTarPerm extractEntry problems/numbers/problem_ko.md
611 silly gunzTarPerm extractEntry problems/numbers/problem_nb-no.md
612 silly gunzTarPerm extractEntry problems/numbers/problem_pt-br.md
613 silly gunzTarPerm extractEntry problems/numbers/problem_uk.md
614 silly gunzTarPerm extractEntry problems/numbers/problem.md
615 silly gunzTarPerm extractEntry problems/numbers/solution.md
616 silly gunzTarPerm extractEntry problems/numbers/solution_es.md
617 silly gunzTarPerm extractEntry problems/numbers/solution_it.md
618 silly gunzTarPerm extractEntry problems/numbers/solution_ja.md
619 silly gunzTarPerm extractEntry problems/numbers/solution_ko.md
620 silly gunzTarPerm extractEntry problems/numbers/solution_nb-no.md
621 silly gunzTarPerm extractEntry problems/numbers/solution_pt-br.md
622 silly gunzTarPerm extractEntry problems/numbers/solution_uk.md
623 silly gunzTarPerm extractEntry problems/numbers/problem_zh-cn.md
624 silly gunzTarPerm extractEntry problems/accessing-array-values/index.js
625 silly gunzTarPerm extractEntry problems/accessing-array-values/solution_zh-cn.md
626 silly gunzTarPerm extractEntry problems/accessing-array-values/problem_es.md
627 silly gunzTarPerm extractEntry problems/accessing-array-values/problem_it.md
628 silly gunzTarPerm extractEntry problems/accessing-array-values/problem_ja.md
629 silly gunzTarPerm extractEntry problems/accessing-array-values/problem_ko.md
630 silly gunzTarPerm extractEntry problems/accessing-array-values/problem_nb-no.md
631 silly gunzTarPerm extractEntry problems/accessing-array-values/problem_pt-br.md
632 silly gunzTarPerm extractEntry problems/accessing-array-values/problem_uk.md
633 silly gunzTarPerm extractEntry problems/accessing-array-values/problem.md
634 silly gunzTarPerm extractEntry problems/accessing-array-values/solution.md
635 silly gunzTarPerm extractEntry problems/accessing-array-values/solution_es.md
636 silly gunzTarPerm extractEntry problems/accessing-array-values/solution_it.md
637 silly gunzTarPerm extractEntry problems/accessing-array-values/solution_ja.md
638 silly gunzTarPerm extractEntry problems/accessing-array-values/solution_ko.md
639 silly gunzTarPerm extractEntry problems/accessing-array-values/solution_nb-no.md
640 silly gunzTarPerm extractEntry problems/accessing-array-values/solution_pt-br.md
641 silly gunzTarPerm extractEntry problems/accessing-array-values/solution_uk.md
642 silly gunzTarPerm extractEntry problems/accessing-array-values/problem_zh-cn.md
643 silly gunzTarPerm extractEntry problems/arrays/index.js
644 silly gunzTarPerm extractEntry problems/arrays/solution_zh-cn.md
645 silly gunzTarPerm extractEntry problems/arrays/problem_es.md
646 silly gunzTarPerm extractEntry problems/arrays/problem_it.md
647 silly gunzTarPerm extractEntry problems/arrays/problem_ja.md
648 silly gunzTarPerm extractEntry problems/arrays/problem_ko.md
649 silly gunzTarPerm extractEntry problems/arrays/problem_nb-no.md
650 silly gunzTarPerm extractEntry problems/arrays/problem_pt-br.md
651 silly gunzTarPerm extractEntry problems/arrays/problem_uk.md
652 silly gunzTarPerm extractEntry problems/arrays/problem.md
653 silly gunzTarPerm extractEntry problems/arrays/solution.md
654 silly gunzTarPerm extractEntry problems/arrays/solution_es.md
655 silly gunzTarPerm extractEntry problems/arrays/solution_it.md
656 silly gunzTarPerm extractEntry problems/arrays/solution_ja.md
657 silly gunzTarPerm extractEntry problems/arrays/solution_ko.md
658 silly gunzTarPerm extractEntry problems/arrays/solution_nb-no.md
659 silly gunzTarPerm extractEntry problems/arrays/solution_pt-br.md
660 silly gunzTarPerm extractEntry problems/arrays/solution_uk.md
661 silly gunzTarPerm extractEntry problems/arrays/problem_zh-cn.md
662 silly gunzTarPerm extractEntry problems/for-loop/index.js
663 silly gunzTarPerm extractEntry problems/for-loop/solution_zh-cn.md
664 silly gunzTarPerm extractEntry problems/for-loop/problem_es.md
665 silly gunzTarPerm extractEntry problems/for-loop/problem_it.md
666 silly gunzTarPerm extractEntry problems/for-loop/problem_ja.md
667 silly gunzTarPerm extractEntry problems/for-loop/problem_ko.md
668 silly gunzTarPerm extractEntry problems/for-loop/problem_nb-no.md
669 silly gunzTarPerm extractEntry problems/for-loop/problem_pt-br.md
670 silly gunzTarPerm extractEntry problems/for-loop/problem_uk.md
671 silly gunzTarPerm extractEntry problems/for-loop/problem.md
672 silly gunzTarPerm extractEntry problems/for-loop/solution.md
673 silly gunzTarPerm extractEntry problems/for-loop/solution_es.md
674 silly gunzTarPerm extractEntry problems/for-loop/solution_it.md
675 silly gunzTarPerm extractEntry problems/for-loop/solution_ja.md
676 silly gunzTarPerm extractEntry problems/for-loop/solution_ko.md
677 silly gunzTarPerm extractEntry problems/for-loop/solution_nb-no.md
678 silly gunzTarPerm extractEntry problems/for-loop/solution_pt-br.md
679 silly gunzTarPerm extractEntry problems/for-loop/solution_uk.md
680 silly gunzTarPerm extractEntry problems/for-loop/problem_zh-cn.md
681 silly gunzTarPerm extractEntry problems/function-arguments/index.js
682 silly gunzTarPerm extractEntry problems/function-arguments/solution_zh-cn.md
683 silly gunzTarPerm extractEntry problems/function-arguments/problem_es.md
684 silly gunzTarPerm extractEntry problems/function-arguments/problem_it.md
685 silly gunzTarPerm extractEntry problems/function-arguments/problem_ja.md
686 silly gunzTarPerm extractEntry problems/function-arguments/problem_ko.md
687 silly gunzTarPerm extractEntry problems/function-arguments/problem_nb-no.md
688 silly gunzTarPerm extractEntry problems/function-arguments/problem_pt-br.md
689 silly gunzTarPerm extractEntry problems/function-arguments/problem_uk.md
690 silly gunzTarPerm extractEntry problems/function-arguments/problem.md
691 silly gunzTarPerm extractEntry problems/function-arguments/solution.md
692 silly gunzTarPerm extractEntry problems/function-arguments/solution_es.md
693 silly gunzTarPerm extractEntry problems/function-arguments/solution_it.md
694 silly gunzTarPerm extractEntry problems/function-arguments/solution_ja.md
695 silly gunzTarPerm extractEntry problems/function-arguments/solution_ko.md
696 silly gunzTarPerm extractEntry problems/function-arguments/solution_nb-no.md
697 silly gunzTarPerm extractEntry problems/function-arguments/solution_pt-br.md
698 silly gunzTarPerm extractEntry problems/function-arguments/solution_uk.md
699 silly gunzTarPerm extractEntry problems/function-arguments/problem_zh-cn.md
700 silly gunzTarPerm extractEntry problems/function-return-values/index.js
701 silly gunzTarPerm extractEntry problems/function-return-values/solution_zh-cn.md
702 silly gunzTarPerm extractEntry problems/function-return-values/problem_es.md
703 silly gunzTarPerm extractEntry problems/function-return-values/problem_it.md
704 silly gunzTarPerm extractEntry problems/function-return-values/problem_ja.md
705 silly gunzTarPerm extractEntry problems/function-return-values/problem_ko.md
706 silly gunzTarPerm extractEntry problems/function-return-values/problem_nb-no.md
707 silly gunzTarPerm extractEntry problems/function-return-values/problem_pt-br.md
708 silly gunzTarPerm extractEntry problems/function-return-values/problem_uk.md
709 silly gunzTarPerm extractEntry problems/function-return-values/problem.md
710 silly gunzTarPerm extractEntry problems/function-return-values/solution.md
711 silly gunzTarPerm extractEntry problems/function-return-values/solution_es.md
712 silly gunzTarPerm extractEntry problems/function-return-values/solution_it.md
713 silly gunzTarPerm extractEntry problems/function-return-values/solution_ja.md
714 silly gunzTarPerm extractEntry problems/function-return-values/solution_ko.md
715 silly gunzTarPerm extractEntry problems/function-return-values/solution_nb-no.md
716 silly gunzTarPerm extractEntry problems/function-return-values/solution_pt-br.md
717 silly gunzTarPerm extractEntry problems/function-return-values/solution_uk.md
718 silly gunzTarPerm extractEntry problems/function-return-values/problem_zh-cn.md
719 silly gunzTarPerm extractEntry problems/functions/index.js
720 silly gunzTarPerm extractEntry problems/functions/solution_zh-cn.md
721 silly gunzTarPerm extractEntry problems/functions/problem_es.md
722 silly gunzTarPerm extractEntry problems/functions/problem_it.md
723 silly gunzTarPerm extractEntry problems/functions/problem_ja.md
724 silly gunzTarPerm extractEntry problems/functions/problem_ko.md
725 silly gunzTarPerm extractEntry problems/functions/problem_nb-no.md
726 silly gunzTarPerm extractEntry problems/functions/problem_pt-br.md
727 silly gunzTarPerm extractEntry problems/functions/problem_uk.md
728 silly gunzTarPerm extractEntry problems/functions/problem.md
729 silly gunzTarPerm extractEntry problems/functions/solution.md
730 silly gunzTarPerm extractEntry problems/functions/solution_es.md
731 silly gunzTarPerm extractEntry problems/functions/solution_it.md
732 silly gunzTarPerm extractEntry problems/functions/solution_ja.md
733 silly gunzTarPerm extractEntry problems/functions/solution_ko.md
734 silly gunzTarPerm extractEntry problems/functions/solution_nb-no.md
735 silly gunzTarPerm extractEntry problems/functions/solution_pt-br.md
736 silly gunzTarPerm extractEntry problems/functions/solution_uk.md
737 silly gunzTarPerm extractEntry problems/functions/problem_zh-cn.md
738 silly gunzTarPerm extractEntry problems/if-statement/index.js
739 silly gunzTarPerm extractEntry problems/if-statement/solution_zh-cn.md
740 silly gunzTarPerm extractEntry problems/if-statement/problem_es.md
741 silly gunzTarPerm extractEntry problems/if-statement/problem_it.md
742 silly gunzTarPerm extractEntry problems/if-statement/problem_ja.md
743 silly gunzTarPerm extractEntry problems/if-statement/problem_ko.md
744 silly gunzTarPerm extractEntry problems/if-statement/problem_nb-no.md
745 silly gunzTarPerm extractEntry problems/if-statement/problem_pt-br.md
746 silly gunzTarPerm extractEntry problems/if-statement/problem_uk.md
747 silly gunzTarPerm extractEntry problems/if-statement/problem.md
748 silly gunzTarPerm extractEntry problems/if-statement/solution.md
749 silly gunzTarPerm extractEntry problems/if-statement/solution_es.md
750 silly gunzTarPerm extractEntry problems/if-statement/solution_it.md
751 silly gunzTarPerm extractEntry problems/if-statement/solution_ja.md
752 silly gunzTarPerm extractEntry problems/if-statement/solution_ko.md
753 silly gunzTarPerm extractEntry problems/if-statement/solution_nb-no.md
754 silly gunzTarPerm extractEntry problems/if-statement/solution_pt-br.md
755 silly gunzTarPerm extractEntry problems/if-statement/solution_uk.md
756 silly gunzTarPerm extractEntry problems/if-statement/problem_zh-cn.md
757 silly gunzTarPerm extractEntry problems/introduction/index.js
758 silly gunzTarPerm extractEntry problems/introduction/solution_zh-cn.md
759 silly gunzTarPerm extractEntry problems/introduction/problem_es.md
760 silly gunzTarPerm extractEntry problems/introduction/problem_it.md
761 silly gunzTarPerm extractEntry problems/introduction/problem_ja.md
762 silly gunzTarPerm extractEntry problems/introduction/problem_ko.md
763 silly gunzTarPerm extractEntry problems/introduction/problem_nb-no.md
764 silly gunzTarPerm extractEntry problems/introduction/problem_pt-br.md
765 silly gunzTarPerm extractEntry problems/introduction/problem_uk.md
766 silly gunzTarPerm extractEntry problems/introduction/problem.md
767 silly gunzTarPerm extractEntry problems/introduction/solution.md
768 silly gunzTarPerm extractEntry problems/introduction/solution_es.md
769 silly gunzTarPerm extractEntry problems/introduction/solution_it.md
770 silly gunzTarPerm extractEntry problems/introduction/solution_ja.md
771 silly gunzTarPerm extractEntry problems/introduction/solution_ko.md
772 silly gunzTarPerm extractEntry problems/introduction/solution_nb-no.md
773 silly gunzTarPerm extractEntry problems/introduction/solution_pt-br.md
774 silly gunzTarPerm extractEntry problems/introduction/solution_uk.md
775 silly gunzTarPerm extractEntry problems/introduction/problem_zh-cn.md
776 silly gunzTarPerm extractEntry problems/looping-through-arrays/index.js
777 silly gunzTarPerm extractEntry problems/looping-through-arrays/solution_zh-cn.md
778 silly gunzTarPerm extractEntry problems/looping-through-arrays/problem_es.md
779 silly gunzTarPerm extractEntry problems/looping-through-arrays/problem_it.md
780 silly gunzTarPerm extractEntry problems/looping-through-arrays/problem_ja.md
781 silly gunzTarPerm extractEntry problems/looping-through-arrays/problem_ko.md
782 silly gunzTarPerm extractEntry problems/looping-through-arrays/problem_nb-no.md
783 silly gunzTarPerm extractEntry problems/looping-through-arrays/problem_pt-br.md
784 silly gunzTarPerm extractEntry problems/looping-through-arrays/problem_uk.md
785 silly gunzTarPerm extractEntry problems/looping-through-arrays/problem.md
786 silly gunzTarPerm extractEntry problems/looping-through-arrays/solution.md
787 silly gunzTarPerm extractEntry problems/looping-through-arrays/solution_es.md
788 silly gunzTarPerm extractEntry problems/looping-through-arrays/solution_it.md
789 silly gunzTarPerm extractEntry problems/looping-through-arrays/solution_ja.md
790 silly gunzTarPerm extractEntry problems/looping-through-arrays/solution_ko.md
791 silly gunzTarPerm extractEntry problems/looping-through-arrays/solution_nb-no.md
792 silly gunzTarPerm extractEntry problems/looping-through-arrays/solution_pt-br.md
793 silly gunzTarPerm extractEntry problems/looping-through-arrays/solution_uk.md
794 silly gunzTarPerm extractEntry problems/looping-through-arrays/problem_zh-cn.md
795 silly gunzTarPerm extractEntry problems/number-to-string/index.js
796 silly gunzTarPerm extractEntry problems/number-to-string/solution_zh-cn.md
797 silly gunzTarPerm extractEntry problems/number-to-string/problem_es.md
798 silly gunzTarPerm extractEntry problems/number-to-string/problem_it.md
799 silly gunzTarPerm extractEntry problems/number-to-string/problem_ja.md
800 silly gunzTarPerm extractEntry problems/number-to-string/problem_ko.md
801 silly gunzTarPerm extractEntry problems/number-to-string/problem_nb-no.md
802 silly gunzTarPerm extractEntry problems/number-to-string/problem_pt-br.md
803 silly gunzTarPerm extractEntry problems/number-to-string/problem_uk.md
804 silly gunzTarPerm extractEntry problems/number-to-string/problem.md
805 silly gunzTarPerm extractEntry problems/number-to-string/solution.md
806 silly gunzTarPerm extractEntry problems/number-to-string/solution_es.md
807 silly gunzTarPerm extractEntry problems/number-to-string/solution_it.md
808 silly gunzTarPerm extractEntry problems/number-to-string/solution_ja.md
809 silly gunzTarPerm extractEntry problems/number-to-string/solution_ko.md
810 silly gunzTarPerm extractEntry problems/number-to-string/solution_nb-no.md
811 silly gunzTarPerm extractEntry problems/number-to-string/solution_pt-br.md
812 silly gunzTarPerm extractEntry problems/number-to-string/solution_uk.md
813 silly gunzTarPerm extractEntry problems/number-to-string/problem_zh-cn.md
814 silly gunzTarPerm extractEntry problems/array-filtering/index.js
815 silly gunzTarPerm extractEntry problems/array-filtering/solution_zh-cn.md
816 silly gunzTarPerm extractEntry problems/array-filtering/problem_es.md
817 silly gunzTarPerm extractEntry problems/array-filtering/problem_it.md
818 silly gunzTarPerm extractEntry problems/array-filtering/problem_ja.md
819 silly gunzTarPerm extractEntry problems/array-filtering/problem_ko.md
820 silly gunzTarPerm extractEntry problems/array-filtering/problem_nb-no.md
821 silly gunzTarPerm extractEntry problems/array-filtering/problem_pt-br.md
822 silly gunzTarPerm extractEntry problems/array-filtering/problem_uk.md
823 silly gunzTarPerm extractEntry problems/array-filtering/problem.md
824 silly gunzTarPerm extractEntry problems/array-filtering/solution.md
825 silly gunzTarPerm extractEntry problems/array-filtering/solution_es.md
826 silly gunzTarPerm extractEntry problems/array-filtering/solution_it.md
827 silly gunzTarPerm extractEntry problems/array-filtering/solution_ja.md
828 silly gunzTarPerm extractEntry problems/array-filtering/solution_ko.md
829 silly gunzTarPerm extractEntry problems/array-filtering/solution_nb-no.md
830 silly gunzTarPerm extractEntry problems/array-filtering/solution_pt-br.md
831 silly gunzTarPerm extractEntry problems/array-filtering/solution_uk.md
832 silly gunzTarPerm extractEntry problems/array-filtering/problem_zh-cn.md
833 silly gunzTarPerm extractEntry problems/object-keys/index.js
834 silly gunzTarPerm extractEntry problems/object-keys/solution_zh-cn.md
835 silly gunzTarPerm extractEntry problems/object-keys/problem_es.md
836 silly gunzTarPerm extractEntry problems/object-keys/problem_it.md
837 silly gunzTarPerm extractEntry problems/object-keys/problem_ja.md
838 silly gunzTarPerm extractEntry problems/object-keys/problem_ko.md
839 silly gunzTarPerm extractEntry problems/object-keys/problem_nb-no.md
840 silly gunzTarPerm extractEntry problems/object-keys/problem_pt-br.md
841 silly gunzTarPerm extractEntry problems/object-keys/problem_uk.md
842 silly gunzTarPerm extractEntry problems/object-keys/problem.md
843 silly gunzTarPerm extractEntry problems/object-keys/solution.md
844 silly gunzTarPerm extractEntry problems/object-keys/solution_es.md
845 silly gunzTarPerm extractEntry problems/object-keys/solution_it.md
846 silly gunzTarPerm extractEntry problems/object-keys/solution_ja.md
847 silly gunzTarPerm extractEntry problems/object-keys/solution_ko.md
848 silly gunzTarPerm extractEntry problems/object-keys/solution_nb-no.md
849 silly gunzTarPerm extractEntry problems/object-keys/solution_pt-br.md
850 silly gunzTarPerm extractEntry problems/object-keys/solution_uk.md
851 silly gunzTarPerm extractEntry problems/object-keys/problem_zh-cn.md
852 silly gunzTarPerm extractEntry problems/object-properties/index.js
853 silly gunzTarPerm extractEntry problems/object-properties/solution_zh-cn.md
854 silly gunzTarPerm extractEntry problems/object-properties/problem_es.md
855 silly gunzTarPerm extractEntry problems/object-properties/problem_it.md
856 silly gunzTarPerm extractEntry problems/object-properties/problem_ja.md
857 silly gunzTarPerm extractEntry problems/object-properties/problem_ko.md
858 silly gunzTarPerm extractEntry problems/object-properties/problem_nb-no.md
859 silly gunzTarPerm extractEntry problems/object-properties/problem_pt-br.md
860 silly gunzTarPerm extractEntry problems/object-properties/problem_uk.md
861 silly gunzTarPerm extractEntry problems/object-properties/problem.md
862 silly gunzTarPerm extractEntry problems/object-properties/solution.md
863 silly gunzTarPerm extractEntry problems/object-properties/solution_es.md
864 silly gunzTarPerm extractEntry problems/object-properties/solution_it.md
865 silly gunzTarPerm extractEntry problems/object-properties/solution_ja.md
866 silly gunzTarPerm extractEntry problems/object-properties/solution_ko.md
867 silly gunzTarPerm extractEntry problems/object-properties/solution_nb-no.md
868 silly gunzTarPerm extractEntry problems/object-properties/solution_pt-br.md
869 silly gunzTarPerm extractEntry problems/object-properties/solution_uk.md
870 silly gunzTarPerm extractEntry problems/object-properties/problem_zh-cn.md
871 silly gunzTarPerm extractEntry problems/objects/index.js
872 silly gunzTarPerm extractEntry problems/objects/solution_zh-cn.md
873 silly gunzTarPerm extractEntry problems/objects/problem_es.md
874 silly gunzTarPerm extractEntry problems/objects/problem_it.md
875 silly gunzTarPerm extractEntry problems/objects/problem_ja.md
876 silly gunzTarPerm extractEntry problems/objects/problem_ko.md
877 silly gunzTarPerm extractEntry problems/objects/problem_nb-no.md
878 silly gunzTarPerm extractEntry problems/objects/problem_pt-br.md
879 silly gunzTarPerm extractEntry problems/objects/problem_uk.md
880 silly gunzTarPerm extractEntry problems/objects/problem.md
881 silly gunzTarPerm extractEntry problems/objects/solution.md
882 silly gunzTarPerm extractEntry problems/objects/solution_es.md
883 silly gunzTarPerm extractEntry problems/objects/solution_it.md
884 silly gunzTarPerm extractEntry problems/objects/solution_ja.md
885 silly gunzTarPerm extractEntry problems/objects/solution_ko.md
886 silly gunzTarPerm extractEntry problems/objects/solution_nb-no.md
887 silly gunzTarPerm extractEntry problems/objects/solution_pt-br.md
888 silly gunzTarPerm extractEntry problems/objects/solution_uk.md
889 silly gunzTarPerm extractEntry problems/objects/problem_zh-cn.md
890 silly gunzTarPerm extractEntry problems/revising-strings/index.js
891 silly gunzTarPerm extractEntry problems/revising-strings/solution_zh-cn.md
892 silly gunzTarPerm extractEntry problems/revising-strings/problem_es.md
893 silly gunzTarPerm extractEntry problems/revising-strings/problem_it.md
894 silly gunzTarPerm extractEntry problems/revising-strings/problem_ja.md
895 silly gunzTarPerm extractEntry problems/revising-strings/problem_ko.md
896 silly gunzTarPerm extractEntry problems/revising-strings/problem_nb-no.md
897 silly gunzTarPerm extractEntry problems/revising-strings/problem_pt-br.md
898 silly gunzTarPerm extractEntry problems/revising-strings/problem_uk.md
899 silly gunzTarPerm extractEntry problems/revising-strings/problem.md
900 silly gunzTarPerm extractEntry problems/revising-strings/solution.md
901 silly gunzTarPerm extractEntry problems/revising-strings/solution_es.md
902 silly gunzTarPerm extractEntry problems/revising-strings/solution_it.md
903 silly gunzTarPerm extractEntry problems/revising-strings/solution_ja.md
904 silly gunzTarPerm extractEntry problems/revising-strings/solution_ko.md
905 silly gunzTarPerm extractEntry problems/revising-strings/solution_nb-no.md
906 silly gunzTarPerm extractEntry problems/revising-strings/solution_pt-br.md
907 silly gunzTarPerm extractEntry problems/revising-strings/solution_uk.md
908 silly gunzTarPerm extractEntry problems/revising-strings/problem_zh-cn.md
909 silly gunzTarPerm extractEntry problems/rounding-numbers/index.js
910 silly gunzTarPerm extractEntry problems/rounding-numbers/solution_zh-cn.md
911 silly gunzTarPerm extractEntry problems/rounding-numbers/problem_es.md
912 silly gunzTarPerm extractEntry problems/rounding-numbers/problem_it.md
913 silly gunzTarPerm extractEntry problems/rounding-numbers/problem_ja.md
914 silly gunzTarPerm extractEntry problems/rounding-numbers/problem_ko.md
915 silly gunzTarPerm extractEntry problems/rounding-numbers/problem_nb-no.md
916 silly gunzTarPerm extractEntry problems/rounding-numbers/problem_pt-br.md
917 silly gunzTarPerm extractEntry problems/rounding-numbers/problem_uk.md
918 silly gunzTarPerm extractEntry problems/rounding-numbers/problem.md
919 silly gunzTarPerm extractEntry problems/rounding-numbers/solution.md
920 silly gunzTarPerm extractEntry problems/rounding-numbers/solution_es.md
921 silly gunzTarPerm extractEntry problems/rounding-numbers/solution_it.md
922 silly gunzTarPerm extractEntry problems/rounding-numbers/solution_ja.md
923 silly gunzTarPerm extractEntry problems/rounding-numbers/solution_ko.md
924 silly gunzTarPerm extractEntry problems/rounding-numbers/solution_nb-no.md
925 silly gunzTarPerm extractEntry problems/rounding-numbers/solution_pt-br.md
926 silly gunzTarPerm extractEntry problems/rounding-numbers/solution_uk.md
927 silly gunzTarPerm extractEntry problems/rounding-numbers/problem_zh-cn.md
928 silly gunzTarPerm extractEntry problems/scope/index.js
929 silly gunzTarPerm extractEntry problems/scope/solution_zh-cn.md
930 silly gunzTarPerm extractEntry problems/scope/problem_es.md
931 silly gunzTarPerm extractEntry problems/scope/problem_it.md
932 silly gunzTarPerm extractEntry problems/scope/problem_ja.md
933 silly gunzTarPerm extractEntry problems/scope/problem_ko.md
934 silly gunzTarPerm extractEntry problems/scope/problem_nb-no.md
935 silly gunzTarPerm extractEntry problems/scope/problem_pt-br.md
936 silly gunzTarPerm extractEntry problems/scope/problem_uk.md
937 silly gunzTarPerm extractEntry problems/scope/problem.md
938 silly gunzTarPerm extractEntry problems/scope/solution.md
939 silly gunzTarPerm extractEntry problems/scope/solution_es.md
940 silly gunzTarPerm extractEntry problems/scope/solution_it.md
941 silly gunzTarPerm extractEntry problems/scope/solution_ja.md
942 silly gunzTarPerm extractEntry problems/scope/solution_ko.md
943 silly gunzTarPerm extractEntry problems/scope/solution_nb-no.md
944 silly gunzTarPerm extractEntry problems/scope/solution_pt-br.md
945 silly gunzTarPerm extractEntry problems/scope/solution_uk.md
946 silly gunzTarPerm extractEntry problems/scope/problem_zh-cn.md
947 silly gunzTarPerm extractEntry problems/string-length/index.js
948 silly gunzTarPerm extractEntry problems/string-length/solution_zh-cn.md
949 silly gunzTarPerm extractEntry problems/string-length/problem_es.md
950 silly gunzTarPerm extractEntry problems/string-length/problem_it.md
951 silly gunzTarPerm extractEntry problems/string-length/problem_ja.md
952 silly gunzTarPerm extractEntry problems/string-length/problem_ko.md
953 silly gunzTarPerm extractEntry problems/string-length/problem_nb-no.md
954 silly gunzTarPerm extractEntry problems/string-length/problem_pt-br.md
955 silly gunzTarPerm extractEntry problems/string-length/problem_uk.md
956 silly gunzTarPerm extractEntry problems/string-length/problem.md
957 silly gunzTarPerm extractEntry problems/string-length/solution.md
958 silly gunzTarPerm extractEntry problems/string-length/solution_es.md
959 silly gunzTarPerm extractEntry problems/string-length/solution_it.md
960 silly gunzTarPerm extractEntry problems/string-length/solution_ja.md
961 silly gunzTarPerm extractEntry problems/string-length/solution_ko.md
962 silly gunzTarPerm extractEntry problems/string-length/solution_nb-no.md
963 silly gunzTarPerm extractEntry problems/string-length/solution_pt-br.md
964 silly gunzTarPerm extractEntry problems/string-length/solution_uk.md
965 silly gunzTarPerm extractEntry problems/string-length/problem_zh-cn.md
966 silly gunzTarPerm extractEntry problems/strings/index.js
967 silly gunzTarPerm extractEntry problems/strings/solution_zh-cn.md
968 silly gunzTarPerm extractEntry problems/strings/problem_es.md
969 silly gunzTarPerm extractEntry problems/strings/problem_it.md
970 silly gunzTarPerm extractEntry problems/strings/problem_ja.md
971 silly gunzTarPerm extractEntry problems/strings/problem_ko.md
972 silly gunzTarPerm extractEntry problems/strings/problem_nb-no.md
973 silly gunzTarPerm extractEntry problems/strings/problem_pt-br.md
974 silly gunzTarPerm extractEntry problems/strings/problem_uk.md
975 silly gunzTarPerm extractEntry problems/strings/problem.md
976 silly gunzTarPerm extractEntry problems/strings/solution.md
977 silly gunzTarPerm extractEntry problems/strings/solution_es.md
978 silly gunzTarPerm extractEntry problems/strings/solution_it.md
979 silly gunzTarPerm extractEntry problems/strings/solution_ja.md
980 silly gunzTarPerm extractEntry problems/strings/solution_ko.md
981 silly gunzTarPerm extractEntry problems/strings/solution_nb-no.md
982 silly gunzTarPerm extractEntry problems/strings/solution_pt-br.md
983 silly gunzTarPerm extractEntry problems/strings/solution_uk.md
984 silly gunzTarPerm extractEntry problems/strings/problem_zh-cn.md
985 silly gunzTarPerm extractEntry problems/this/index.js
986 silly gunzTarPerm extractEntry problems/this/solution_zh-cn.md
987 silly gunzTarPerm extractEntry problems/this/problem_es.md
988 silly gunzTarPerm extractEntry problems/this/problem_it.md
989 silly gunzTarPerm extractEntry problems/this/problem_ja.md
990 silly gunzTarPerm extractEntry problems/this/problem_ko.md
991 silly gunzTarPerm extractEntry problems/this/problem_pt-br.md
992 silly gunzTarPerm extractEntry problems/this/problem_uk.md
993 silly gunzTarPerm extractEntry problems/this/problem.md
994 silly gunzTarPerm extractEntry problems/this/solution.md
995 silly gunzTarPerm extractEntry problems/this/solution_es.md
996 silly gunzTarPerm extractEntry problems/this/solution_it.md
997 silly gunzTarPerm extractEntry problems/this/solution_ja.md
998 silly gunzTarPerm extractEntry problems/this/solution_ko.md
999 silly gunzTarPerm extractEntry problems/this/solution_pt-br.md
1000 silly gunzTarPerm extractEntry problems/this/solution_uk.md
1001 silly gunzTarPerm extractEntry problems/this/problem_zh-cn.md
1002 silly gunzTarPerm extractEntry problems/variables/index.js
1003 silly gunzTarPerm extractEntry problems/variables/solution_zh-cn.md
1004 silly gunzTarPerm extractEntry problems/variables/problem_es.md
1005 silly gunzTarPerm extractEntry problems/variables/problem_it.md
1006 silly gunzTarPerm extractEntry problems/variables/problem_ja.md
1007 silly gunzTarPerm extractEntry problems/variables/problem_ko.md
1008 silly gunzTarPerm extractEntry problems/variables/problem_nb-no.md
1009 silly gunzTarPerm extractEntry problems/variables/problem_pt-br.md
1010 silly gunzTarPerm extractEntry problems/variables/problem_uk.md
1011 silly gunzTarPerm extractEntry problems/variables/problem.md
1012 silly gunzTarPerm extractEntry problems/variables/solution.md
1013 silly gunzTarPerm extractEntry problems/variables/solution_es.md
1014 silly gunzTarPerm extractEntry problems/variables/solution_it.md
1015 silly gunzTarPerm extractEntry problems/variables/solution_ja.md
1016 silly gunzTarPerm extractEntry problems/variables/solution_ko.md
1017 silly gunzTarPerm extractEntry problems/variables/solution_nb-no.md
1018 silly gunzTarPerm extractEntry problems/variables/solution_pt-br.md
1019 silly gunzTarPerm extractEntry problems/variables/solution_uk.md
1020 silly gunzTarPerm extractEntry problems/variables/problem_zh-cn.md
1021 silly gunzTarPerm extractEntry screenshot.png
1022 silly gunzTarPerm extractEntry javascripting.gif
1023 silly lockFile 3fb55d2c--npm-javascripting-2-4-0-package tar:///home/moad/.npm/javascripting/2.4.0/package
1024 silly lockFile 3fb55d2c--npm-javascripting-2-4-0-package tar:///home/moad/.npm/javascripting/2.4.0/package
1025 silly lockFile c38eb262--javascripting-2-4-0-package-tgz tar:///home/moad/.npm/javascripting/2.4.0/package.tgz
1026 silly lockFile c38eb262--javascripting-2-4-0-package-tgz tar:///home/moad/.npm/javascripting/2.4.0/package.tgz
1027 verbose chmod /home/moad/.npm/javascripting/2.4.0/package.tgz 644
1028 verbose chown /home/moad/.npm/javascripting/2.4.0/package.tgz [ 1000, 1000 ]
1029 silly lockFile 972bb595-cripting-javascripting-2-4-0-tgz https://registry.npmjs.org/javascripting/-/javascripting-2.4.0.tgz
1030 silly lockFile 972bb595-cripting-javascripting-2-4-0-tgz https://registry.npmjs.org/javascripting/-/javascripting-2.4.0.tgz
1031 silly lockFile 876cb754-javascripting-2-4-0 javascripting@2.4.0
1032 silly lockFile 876cb754-javascripting-2-4-0 javascripting@2.4.0
1033 silly lockFile 9ef866d8-javascripting javascripting@
1034 silly lockFile 9ef866d8-javascripting javascripting@
1035 silly resolved [ { name: 'javascripting',
1035 silly resolved     description: 'Learn JavaScript by adventuring around in the terminal.',
1035 silly resolved     version: '2.4.0',
1035 silly resolved     repository: { url: 'https://github.com/sethvincent/javascripting.git' },
1035 silly resolved     author: { name: 'sethvincent' },
1035 silly resolved     bin: { javascripting: './bin/javascripting' },
1035 silly resolved     main: './index.js',
1035 silly resolved     preferGlobal: true,
1035 silly resolved     dependencies:
1035 silly resolved      { colors: '^1.0.3',
1035 silly resolved        diff: '^1.2.1',
1035 silly resolved        'workshopper-adventure': '^4.0.4' },
1035 silly resolved     license: 'MIT',
1035 silly resolved     readme: '# JAVASCRIPTING\n\n> Learn JavaScript by adventuring around in the terminal.  \n\n> _Looking for more interactive tutorials like this? Go to [nodeschool.io](http://nodeschool.io)._\n\n## Get help\nHaving issues with javascripting? Get help troubleshooting in the [nodeschool discussions repo](http://github.com/nodeschool/discussions), or on gitter:\n\n[![Gitter](https://badges.gitter.im/Join Chat.svg)](https://gitter.im/nodeschool/discussions?utm_source=badge&utm_medium=badge&utm_campaign=pr-badge&utm_content=badge)\n\n## Install Node.js\n\nMake sure Node.js is installed on your computer.\n\nInstall it from [nodejs.org/download](http://nodejs.org/download)\n\nOn Windows and using v4 or v5 of Node.js? Make sure you are using at least 5.1.0, which provides a fix for a bug on Windows where you can\'t choose items in the menu.\n\n### Install `javascripting` with `npm`\n\nOpen your terminal and run this command:\n\n```\nnpm install --global javascripting\n```\n\nThe `--global` option installs this module globally so that you can run it as a command in your terminal.\n\n#### Having issues with installation?\n\nIf you get an `EACCESS` error, the simplest way to fix this is to rerun the command, prefixed with sudo:\n\n```\nsudo npm install --global javascripting\n```\n\nYou can also fix the permissions so that you don\'t have to use `sudo`. Take a look at this npm documentation:\nhttps://docs.npmjs.com/getting-started/fixing-npm-permissions\n\n## Run the workshop\n\nOpen your terminal and run the following command:\n\n```\njavascripting\n```\n\nYou\'ll see the menu:\n\n![javascripting screenshot](screenshot.png)\n\nNavigate the menu with the up & down arrow keys. \n\nChoose a challenge by hitting enter.\n\n### Take a look at this gif that shows the first challenge:\n\n![first challenge](javascripting.gif)\n\nIn the gif I\'m using the command line editor `nano` ([here are some basic usage tips for nano](https://github.com/sethvincent/dev-envs-book/blob/master/chapters/05-editors.md#nano)).  \n\nYou can use any editor you like. \n\n[atom](http://atom.io) or [brackets](http://brackets.io/) are both good options.\n\n## Need help with an exercise?\n\nOpen an issue in the nodeschool/discussions repo: https://github.com/nodeschool/discussions\n\nInclude the name `javascripting` and the name of the challenge you\'re working on in the title of the issue.\n\n## TODOS:\n\nAdd these challenges:\n\n- "OBJECT KEYS"\n- "FUNCTION RETURN VALUES"\n- "THIS"\n- "SCOPE"\n\n## License\n\nMIT\n',
1035 silly resolved     readmeFilename: 'README.md',
1035 silly resolved     bugs: { url: 'https://github.com/sethvincent/javascripting/issues' },
1035 silly resolved     _id: 'javascripting@2.4.0',
1035 silly resolved     dist: { shasum: 'db6d2bee08c4caf58911a7b1bd43d2d2351b2fe6' },
1035 silly resolved     _from: 'javascripting@',
1035 silly resolved     _resolved: 'https://registry.npmjs.org/javascripting/-/javascripting-2.4.0.tgz' } ]
1036 info install javascripting@2.4.0 into /usr/local/lib
1037 info installOne javascripting@2.4.0
1038 info /usr/local/lib/node_modules/javascripting unbuild
1039 verbose tar unpack /home/moad/.npm/javascripting/2.4.0/package.tgz
1040 silly lockFile 79ce8374-l-lib-node-modules-javascripting tar:///usr/local/lib/node_modules/javascripting
1041 verbose lock tar:///usr/local/lib/node_modules/javascripting /home/moad/.npm/79ce8374-l-lib-node-modules-javascripting.lock
1042 silly lockFile c38eb262--javascripting-2-4-0-package-tgz tar:///home/moad/.npm/javascripting/2.4.0/package.tgz
1043 verbose lock tar:///home/moad/.npm/javascripting/2.4.0/package.tgz /home/moad/.npm/c38eb262--javascripting-2-4-0-package-tgz.lock
1044 silly gunzTarPerm modes [ '755', '644' ]
1045 error Error: EACCES, mkdir '/usr/local/lib/node_modules'
1045 error  { [Error: EACCES, mkdir '/usr/local/lib/node_modules']
1045 error   errno: 3,
1045 error   code: 'EACCES',
1045 error   path: '/usr/local/lib/node_modules',
1045 error   fstream_type: 'Directory',
1045 error   fstream_path: '/usr/local/lib/node_modules/javascripting',
1045 error   fstream_class: 'DirWriter',
1045 error   fstream_stack:
1045 error    [ '/usr/lib/nodejs/fstream/lib/writer.js:171:23',
1045 error      '/usr/lib/nodejs/mkdirp/index.js:37:53',
1045 error      'Object.oncomplete (fs.js:107:15)' ] }
1046 error Please try running this command again as root/Administrator.
1047 error System Linux 3.13.0-68-generic
1048 error command "/usr/bin/nodejs" "/usr/bin/npm" "install" "-g" "javascripting"
1049 error cwd /home/moad/CSC Courses/CSC361/Assignment 1
1050 error node -v v0.10.25
1051 error npm -v 1.3.10
1052 error path /usr/local/lib/node_modules
1053 error fstream_path /usr/local/lib/node_modules/javascripting
1054 error fstream_type Directory
1055 error fstream_class DirWriter
1056 error code EACCES
1057 error errno 3
1058 error stack Error: EACCES, mkdir '/usr/local/lib/node_modules'
1059 error fstream_stack /usr/lib/nodejs/fstream/lib/writer.js:171:23
1059 error fstream_stack /usr/lib/nodejs/mkdirp/index.js:37:53
1059 error fstream_stack Object.oncomplete (fs.js:107:15)
1060 verbose exit [ 3, true ]
